<?xml version="1.0" encoding="UTF-8"?>
<!-- Generated by org.testng.reporters.JUnitXMLReporter -->
<testsuite hostname="pahlabi-PC" ignored="0" name="Add Customer Test" tests="4" failures="0" timestamp="16 Jul 2020 22:52:01 GMT" time="14.825" errors="0">
  <testcase name="addCustomerTest" time="5.325" classname="com.w2a.testcases.AddCustomerTest"/>
  <testcase name="addCustomerTest" time="0.003" classname="com.w2a.testcases.AddCustomerTest">
    <skipped/>
  </testcase> <!-- addCustomerTest -->
  <testcase name="addCustomerTest" time="4.601" classname="com.w2a.testcases.AddCustomerTest"/>
  <testcase name="addCustomerTest" time="4.529" classname="com.w2a.testcases.AddCustomerTest"/>
</testsuite> <!-- Add Customer Test -->
